This is XeTeX, Version 3.14159265-2.6-0.99999 (TeX Live 2018/Arch Linux) (preloaded format=xelatex 2019.6.10)  14 JUN 2019 22:11
entering extended mode
 \write18 enabled.
 %&-line parsing enabled.
**/home/iani/latex-exports/templates/00BasicGreek/body.tex
(/home/iani/latex-exports/templates/00BasicGreek/body.tex
LaTeX2e <2018-12-01>

! LaTeX Error: Missing \begin{document}.

See the LaTeX manual or LaTeX Companion for explanation.
Type  H <return>  for immediate help.
 ...                                              
                                                  
l.1 a
     sdfa
? 
! Emergency stop.
 ...                                              
                                                  
l.1 a
     sdfa
You're in trouble here.  Try typing  <return>  to proceed.
If that doesn't work, type  X <return>  to quit.

 
Here is how much of TeX's memory you used:
 6 strings out of 492933
 399 string characters out of 6138667
 64308 words of memory out of 5000000
 4143 multiletter control sequences out of 15000+600000
 3640 words of font info for 14 fonts, out of 8000000 for 9000
 1348 hyphenation exceptions out of 8191
 5i,0n,4p,64b,14s stack positions out of 5000i,500n,10000p,200000b,80000s
No pages of output.
